<?xml version="1.0" encoding="UTF-8"?>
<testng-results skipped="0" failed="0" total="2" passed="2">
  <reporter-output>
  </reporter-output>
  <suite name="primusbank test suite" duration-ms="15070" started-at="2021-05-19T13:31:01Z" finished-at="2021-05-19T13:31:16Z">
    <groups>
    </groups>
    <test name="Admin login testcase" duration-ms="11946" started-at="2021-05-19T13:31:01Z" finished-at="2021-05-19T13:31:13Z">
      <class name="primusbank.tests.AdminLoginTest">
        <test-method status="PASS" signature="checkAdminLogin(java.lang.String, java.lang.String)[pri:0, instance:primusbank.tests.AdminLoginTest@5f5a92bb]" name="checkAdminLogin" duration-ms="11931" started-at="2021-05-19T19:01:01Z" finished-at="2021-05-19T19:01:13Z">
          <params>
            <param index="0">
              <value>
                <![CDATA[Admin]]>
              </value>
            </param>
            <param index="1">
              <value>
                <![CDATA[Admin]]>
              </value>
            </param>
          </params>
          <reporter-output>
          </reporter-output>
        </test-method> <!-- checkAdminLogin -->
      </class> <!-- primusbank.tests.AdminLoginTest -->
    </test> <!-- Admin login testcase -->
    <test name="Banker login testcase" duration-ms="3093" started-at="2021-05-19T13:31:13Z" finished-at="2021-05-19T13:31:16Z">
      <class name="primusbank.tests.BankerLoginTest">
        <test-method status="PASS" signature="launchApp()[pri:0, instance:primusbank.tests.BankerLoginTest@6979e8cb]" name="launchApp" is-config="true" duration-ms="12202" started-at="2021-05-19T19:00:48Z" finished-at="2021-05-19T19:01:01Z">
          <reporter-output>
          </reporter-output>
        </test-method> <!-- launchApp -->
        <test-method status="PASS" signature="checkBankerLogin(java.lang.String, java.lang.String, java.lang.String)[pri:0, instance:primusbank.tests.BankerLoginTest@6979e8cb]" name="checkBankerLogin" duration-ms="3089" started-at="2021-05-19T19:01:13Z" finished-at="2021-05-19T19:01:16Z">
          <params>
            <param index="0">
              <value>
                <![CDATA[Kakinada]]>
              </value>
            </param>
            <param index="1">
              <value>
                <![CDATA[gopiqedge]]>
              </value>
            </param>
            <param index="2">
              <value>
                <![CDATA[Admin]]>
              </value>
            </param>
          </params>
          <reporter-output>
          </reporter-output>
        </test-method> <!-- checkBankerLogin -->
        <test-method status="PASS" signature="closeApp()[pri:0, instance:primusbank.tests.BankerLoginTest@6979e8cb]" name="closeApp" is-config="true" duration-ms="239" started-at="2021-05-19T19:01:16Z" finished-at="2021-05-19T19:01:16Z">
          <reporter-output>
          </reporter-output>
        </test-method> <!-- closeApp -->
      </class> <!-- primusbank.tests.BankerLoginTest -->
    </test> <!-- Banker login testcase -->
  </suite> <!-- primusbank test suite -->
</testng-results>
